2025-12-31 14:20:37 [ERROR] Failed to fetch cart {"error":"next is not a function","userId":"6954c57599bbada79f703b96","currentServer":"server2"}
2025-12-31 14:24:42 [ERROR] Failed to add item to cart {"error":"next is not a function","userId":"6954c57599bbada79f703b96","currentServer":"server2"}
2025-12-31 14:36:45 [ERROR] Failed to add item to cart {"error":"next is not a function","userId":"6954c57599bbada79f703b96","currentServer":"server2"}
2025-12-31 14:46:44 [ERROR] Failed to add item to cart {"error":"next is not a function","userId":"6954c5755dcbe65f0706a5bd","currentServer":"server1"}
2025-12-31 14:50:31 [ERROR] Failed to add item to cart {"error":"next is not a function","userId":"6954c5755dcbe65f0706a5bd","currentServer":"server1"}
2025-12-31 14:50:38 [ERROR] Failed to add item to cart {"error":"next is not a function","userId":"6954c5755dcbe65f0706a5bd","currentServer":"server1"}
2025-12-31 15:18:12 [ERROR] Failed to fetch cart {"error":"next is not a function","userId":"6954ef1983bdbf70edd76781","currentServer":"server2"}
2025-12-31 15:19:11 [ERROR] Failed to add item to cart {"error":"next is not a function","userId":"6954ef186492aa2bdf5e9957","currentServer":"server1"}
2025-12-31 15:30:48 [ERROR] Failed to add item to cart {"error":"next is not a function","userId":"6954ef186492aa2bdf5e9957","server":"server1"}
2025-12-31 15:30:48 [ERROR] Cart operation failed {"error":"next is not a function","userId":"6954ef186492aa2bdf5e9957","productId":"6954ef776492aa2bdf5e9960","currentServer":"server1"}
2025-12-31 15:33:27 [ERROR] Failed to add item to cart {"error":"next is not a function","userId":"6954ef186492aa2bdf5e9957","server":"server1"}
2025-12-31 15:33:27 [ERROR] Cart operation failed {"error":"next is not a function","userId":"6954ef186492aa2bdf5e9957","productId":"6954ef776492aa2bdf5e9960","currentServer":"server1"}
2025-12-31 15:33:42 [ERROR] Failed to add item to cart {"error":"next is not a function","userId":"6954ef186492aa2bdf5e9957","server":"server1"}
2025-12-31 15:33:42 [ERROR] Cart operation failed {"error":"next is not a function","userId":"6954ef186492aa2bdf5e9957","productId":"6954ef776492aa2bdf5e9960","currentServer":"server1"}
2025-12-31 15:34:00 [ERROR] Failed to add item to cart {"error":"next is not a function","userId":"6954ef186492aa2bdf5e9957","server":"server1"}
2025-12-31 15:34:00 [ERROR] Cart operation failed {"error":"next is not a function","userId":"6954ef186492aa2bdf5e9957","productId":"6954ef776492aa2bdf5e9960","currentServer":"server1"}
2025-12-31 15:34:10 [ERROR] Failed to add item to cart {"error":"next is not a function","userId":"6954ef186492aa2bdf5e9957","server":"server1"}
2025-12-31 15:34:10 [ERROR] Cart operation failed {"error":"next is not a function","userId":"6954ef186492aa2bdf5e9957","productId":"6954ef776492aa2bdf5e9960","currentServer":"server1"}
2025-12-31 15:34:35 [ERROR] Failed to add item to cart {"error":"next is not a function","userId":"6954ef186492aa2bdf5e9957","server":"server1"}
2025-12-31 15:34:35 [ERROR] Cart operation failed {"error":"next is not a function","userId":"6954ef186492aa2bdf5e9957","productId":"6954ef776492aa2bdf5e9960","currentServer":"server1"}
2025-12-31 15:35:26 [ERROR] Failed to add item to cart {"error":"next is not a function","userId":"6954ef186492aa2bdf5e9957","server":"server1"}
2025-12-31 15:35:26 [ERROR] Cart operation failed {"error":"next is not a function","userId":"6954ef186492aa2bdf5e9957","productId":"6954ef776492aa2bdf5e9960","currentServer":"server1"}
2025-12-31 15:39:45 [ERROR] Failed to add item to cart {"error":"next is not a function","userId":"6954ef186492aa2bdf5e9957","server":"server1"}
2025-12-31 15:39:45 [ERROR] Cart operation failed {"error":"next is not a function","userId":"6954ef186492aa2bdf5e9957","productId":"6954ef776492aa2bdf5e9960","currentServer":"server1"}
2025-12-31 15:45:56 [ERROR] Failed to add item to cart {"error":"next is not a function","userId":"6954ef186492aa2bdf5e9957","server":"server1"}
2025-12-31 15:45:56 [ERROR] Cart operation failed {"error":"next is not a function","userId":"6954ef186492aa2bdf5e9957","productId":"6954ef776492aa2bdf5e9960","currentServer":"server1"}
2025-12-31 17:54:56 [ERROR] Database connection error {"error":"querySrv ECONNREFUSED _mongodb._tcp.cluster0.kolet3u.mongodb.net","serverName":"server1"}
2025-12-31 17:54:56 [ERROR] Database connection error {"error":"querySrv ECONNREFUSED _mongodb._tcp.cluster0.kolet3u.mongodb.net","serverName":"server2"}
2026-01-01 12:12:44 [ERROR] Order creation failed {"error":"Cannot read properties of null (reading 'available')","userId":"6954ef186492aa2bdf5e9957","server":"server1"}
2026-01-01 12:16:55 [ERROR] Order creation failed {"error":"Cannot read properties of null (reading 'available')","userId":"6954ef186492aa2bdf5e9957","server":"server1"}
2026-01-01 12:33:35 [ERROR] Order creation failed {"error":"apiLogger.order.create.cartEmptyAfterCleanup is not a function","userId":"6954ef186492aa2bdf5e9957","server":"server1"}
2026-01-01 12:33:35 [ERROR] Order creation failed {"error":"apiLogger.order.create.cartEmptyAfterCleanup is not a function","stack":"TypeError: apiLogger.order.create.cartEmptyAfterCleanup is not a function\n    at createOrder (file:///C:/Users/manoh/Desktop/Git-Projects/Yaali%20Backend/Food%20App/Backend/common/controllers/orderController.js:116:32)\n    at process.processTicksAndRejections (node:internal/process/task_queues:95:5)","userId":"6954ef186492aa2bdf5e9957","currentServer":"server1"}
2026-01-01 12:38:11 [ERROR] Order creation failed {"error":"Order validation failed: orderNumber: Path `orderNumber` is required.","userId":"6954ef186492aa2bdf5e9957","server":"server1"}
2026-01-01 12:38:11 [ERROR] Order creation failed {"error":"Order validation failed: orderNumber: Path `orderNumber` is required.","stack":"ValidationError: Order validation failed: orderNumber: Path `orderNumber` is required.\n    at Document.invalidate (C:\\Users\\manoh\\Desktop\\Git-Projects\\Yaali Backend\\Food App\\Backend\\node_modules\\mongoose\\lib\\document.js:3379:32)\n    at validatePath (C:\\Users\\manoh\\Desktop\\Git-Projects\\Yaali Backend\\Food App\\Backend\\node_modules\\mongoose\\lib\\document.js:3154:13)\n    at process.processTicksAndRejections (node:internal/process/task_queues:95:5)\n    at async Promise.all (index 6)\n    at async model.$__validate (C:\\Users\\manoh\\Desktop\\Git-Projects\\Yaali Backend\\Food App\\Backend\\node_modules\\mongoose\\lib\\document.js:3095:3)\n    at async model.validate (C:\\Users\\manoh\\Desktop\\Git-Projects\\Yaali Backend\\Food App\\Backend\\node_modules\\mongoose\\lib\\document.js:2672:5)\n    at async model.validateBeforeSave (C:\\Users\\manoh\\Desktop\\Git-Projects\\Yaali Backend\\Food App\\Backend\\node_modules\\mongoose\\lib\\plugins\\validateBeforeSave.js:34:7)\n    at async Kareem.execPre (C:\\Users\\manoh\\Desktop\\Git-Projects\\Yaali Backend\\Food App\\Backend\\node_modules\\kareem\\index.js:65:24)\n    at async model.$__save (C:\\Users\\manoh\\Desktop\\Git-Projects\\Yaali Backend\\Food App\\Backend\\node_modules\\mongoose\\lib\\model.js:369:5)\n    at async model.save (C:\\Users\\manoh\\Desktop\\Git-Projects\\Yaali Backend\\Food App\\Backend\\node_modules\\mongoose\\lib\\model.js:609:5)","userId":"6954ef186492aa2bdf5e9957","currentServer":"server1"}
2026-01-01 13:04:08 [ERROR] Order creation failed {"error":"Order validation failed: orderNumber: Path `orderNumber` is required.","userId":"6954ef186492aa2bdf5e9957","server":"server1"}
2026-01-01 13:04:08 [ERROR] Order creation failed {"error":"Order validation failed: orderNumber: Path `orderNumber` is required.","stack":"ValidationError: Order validation failed: orderNumber: Path `orderNumber` is required.\n    at Document.invalidate (C:\\Users\\manoh\\Desktop\\Git-Projects\\Yaali Backend\\Food App\\Backend\\node_modules\\mongoose\\lib\\document.js:3379:32)\n    at validatePath (C:\\Users\\manoh\\Desktop\\Git-Projects\\Yaali Backend\\Food App\\Backend\\node_modules\\mongoose\\lib\\document.js:3154:13)\n    at process.processTicksAndRejections (node:internal/process/task_queues:95:5)\n    at async Promise.all (index 6)\n    at async model.$__validate (C:\\Users\\manoh\\Desktop\\Git-Projects\\Yaali Backend\\Food App\\Backend\\node_modules\\mongoose\\lib\\document.js:3095:3)\n    at async model.validate (C:\\Users\\manoh\\Desktop\\Git-Projects\\Yaali Backend\\Food App\\Backend\\node_modules\\mongoose\\lib\\document.js:2672:5)\n    at async model.validateBeforeSave (C:\\Users\\manoh\\Desktop\\Git-Projects\\Yaali Backend\\Food App\\Backend\\node_modules\\mongoose\\lib\\plugins\\validateBeforeSave.js:34:7)\n    at async Kareem.execPre (C:\\Users\\manoh\\Desktop\\Git-Projects\\Yaali Backend\\Food App\\Backend\\node_modules\\kareem\\index.js:65:24)\n    at async model.$__save (C:\\Users\\manoh\\Desktop\\Git-Projects\\Yaali Backend\\Food App\\Backend\\node_modules\\mongoose\\lib\\model.js:369:5)\n    at async model.save (C:\\Users\\manoh\\Desktop\\Git-Projects\\Yaali Backend\\Food App\\Backend\\node_modules\\mongoose\\lib\\model.js:609:5)","userId":"6954ef186492aa2bdf5e9957","email":"john.doe@example.com","currentServer":"server1"}
2026-01-01 13:07:33 [ERROR] Order creation failed {"error":"Order validation failed: orderNumber: Path `orderNumber` is required.","userId":"6954ef186492aa2bdf5e9957","server":"server1"}
2026-01-01 13:07:33 [ERROR] Order creation failed {"error":"Order validation failed: orderNumber: Path `orderNumber` is required.","stack":"ValidationError: Order validation failed: orderNumber: Path `orderNumber` is required.\n    at Document.invalidate (C:\\Users\\manoh\\Desktop\\Git-Projects\\Yaali Backend\\Food App\\Backend\\node_modules\\mongoose\\lib\\document.js:3379:32)\n    at validatePath (C:\\Users\\manoh\\Desktop\\Git-Projects\\Yaali Backend\\Food App\\Backend\\node_modules\\mongoose\\lib\\document.js:3154:13)\n    at process.processTicksAndRejections (node:internal/process/task_queues:95:5)\n    at async Promise.all (index 6)\n    at async model.$__validate (C:\\Users\\manoh\\Desktop\\Git-Projects\\Yaali Backend\\Food App\\Backend\\node_modules\\mongoose\\lib\\document.js:3095:3)\n    at async model.validate (C:\\Users\\manoh\\Desktop\\Git-Projects\\Yaali Backend\\Food App\\Backend\\node_modules\\mongoose\\lib\\document.js:2672:5)\n    at async model.validateBeforeSave (C:\\Users\\manoh\\Desktop\\Git-Projects\\Yaali Backend\\Food App\\Backend\\node_modules\\mongoose\\lib\\plugins\\validateBeforeSave.js:34:7)\n    at async Kareem.execPre (C:\\Users\\manoh\\Desktop\\Git-Projects\\Yaali Backend\\Food App\\Backend\\node_modules\\kareem\\index.js:65:24)\n    at async model.$__save (C:\\Users\\manoh\\Desktop\\Git-Projects\\Yaali Backend\\Food App\\Backend\\node_modules\\mongoose\\lib\\model.js:369:5)\n    at async model.save (C:\\Users\\manoh\\Desktop\\Git-Projects\\Yaali Backend\\Food App\\Backend\\node_modules\\mongoose\\lib\\model.js:609:5)","userId":"6954ef186492aa2bdf5e9957","email":"john.doe@example.com","currentServer":"server1"}
2026-01-01 13:14:31 [ERROR] Order creation failed {"error":"Order validation failed: orderNumber: Path `orderNumber` is required.","userId":"6954ef186492aa2bdf5e9957","server":"server1"}
2026-01-01 13:14:31 [ERROR] Order creation failed {"error":"Order validation failed: orderNumber: Path `orderNumber` is required.","stack":"ValidationError: Order validation failed: orderNumber: Path `orderNumber` is required.\n    at Document.invalidate (C:\\Users\\manoh\\Desktop\\Git-Projects\\Yaali Backend\\Food App\\Backend\\node_modules\\mongoose\\lib\\document.js:3379:32)\n    at validatePath (C:\\Users\\manoh\\Desktop\\Git-Projects\\Yaali Backend\\Food App\\Backend\\node_modules\\mongoose\\lib\\document.js:3154:13)\n    at process.processTicksAndRejections (node:internal/process/task_queues:95:5)\n    at async Promise.all (index 6)\n    at async model.$__validate (C:\\Users\\manoh\\Desktop\\Git-Projects\\Yaali Backend\\Food App\\Backend\\node_modules\\mongoose\\lib\\document.js:3095:3)\n    at async model.validate (C:\\Users\\manoh\\Desktop\\Git-Projects\\Yaali Backend\\Food App\\Backend\\node_modules\\mongoose\\lib\\document.js:2672:5)\n    at async model.validateBeforeSave (C:\\Users\\manoh\\Desktop\\Git-Projects\\Yaali Backend\\Food App\\Backend\\node_modules\\mongoose\\lib\\plugins\\validateBeforeSave.js:34:7)\n    at async Kareem.execPre (C:\\Users\\manoh\\Desktop\\Git-Projects\\Yaali Backend\\Food App\\Backend\\node_modules\\kareem\\index.js:65:24)\n    at async model.$__save (C:\\Users\\manoh\\Desktop\\Git-Projects\\Yaali Backend\\Food App\\Backend\\node_modules\\mongoose\\lib\\model.js:369:5)\n    at async model.save (C:\\Users\\manoh\\Desktop\\Git-Projects\\Yaali Backend\\Food App\\Backend\\node_modules\\mongoose\\lib\\model.js:609:5)","userId":"6954ef186492aa2bdf5e9957","email":"john.doe@example.com","currentServer":"server1"}
2026-01-01 13:15:10 [ERROR] Order creation failed {"error":"Order validation failed: orderNumber: Path `orderNumber` is required.","userId":"6954ef186492aa2bdf5e9957","server":"server1"}
2026-01-01 13:15:10 [ERROR] Order creation failed {"error":"Order validation failed: orderNumber: Path `orderNumber` is required.","stack":"ValidationError: Order validation failed: orderNumber: Path `orderNumber` is required.\n    at Document.invalidate (C:\\Users\\manoh\\Desktop\\Git-Projects\\Yaali Backend\\Food App\\Backend\\node_modules\\mongoose\\lib\\document.js:3379:32)\n    at validatePath (C:\\Users\\manoh\\Desktop\\Git-Projects\\Yaali Backend\\Food App\\Backend\\node_modules\\mongoose\\lib\\document.js:3154:13)\n    at process.processTicksAndRejections (node:internal/process/task_queues:95:5)\n    at async Promise.all (index 6)\n    at async model.$__validate (C:\\Users\\manoh\\Desktop\\Git-Projects\\Yaali Backend\\Food App\\Backend\\node_modules\\mongoose\\lib\\document.js:3095:3)\n    at async model.validate (C:\\Users\\manoh\\Desktop\\Git-Projects\\Yaali Backend\\Food App\\Backend\\node_modules\\mongoose\\lib\\document.js:2672:5)\n    at async model.validateBeforeSave (C:\\Users\\manoh\\Desktop\\Git-Projects\\Yaali Backend\\Food App\\Backend\\node_modules\\mongoose\\lib\\plugins\\validateBeforeSave.js:34:7)\n    at async Kareem.execPre (C:\\Users\\manoh\\Desktop\\Git-Projects\\Yaali Backend\\Food App\\Backend\\node_modules\\kareem\\index.js:65:24)\n    at async model.$__save (C:\\Users\\manoh\\Desktop\\Git-Projects\\Yaali Backend\\Food App\\Backend\\node_modules\\mongoose\\lib\\model.js:369:5)\n    at async model.save (C:\\Users\\manoh\\Desktop\\Git-Projects\\Yaali Backend\\Food App\\Backend\\node_modules\\mongoose\\lib\\model.js:609:5)","userId":"6954ef186492aa2bdf5e9957","email":"john.doe@example.com","currentServer":"server1"}
2026-01-01 13:25:26 [ERROR] Order creation failed {"error":"Order validation failed: orderNumber: Path `orderNumber` is required.","userId":"6954ef186492aa2bdf5e9957","server":"server1"}
2026-01-01 13:25:26 [ERROR] Order creation failed {"error":"Order validation failed: orderNumber: Path `orderNumber` is required.","stack":"ValidationError: Order validation failed: orderNumber: Path `orderNumber` is required.\n    at Document.invalidate (C:\\Users\\manoh\\Desktop\\Git-Projects\\Yaali Backend\\Food App\\Backend\\node_modules\\mongoose\\lib\\document.js:3379:32)\n    at validatePath (C:\\Users\\manoh\\Desktop\\Git-Projects\\Yaali Backend\\Food App\\Backend\\node_modules\\mongoose\\lib\\document.js:3154:13)\n    at process.processTicksAndRejections (node:internal/process/task_queues:95:5)\n    at async Promise.all (index 6)\n    at async model.$__validate (C:\\Users\\manoh\\Desktop\\Git-Projects\\Yaali Backend\\Food App\\Backend\\node_modules\\mongoose\\lib\\document.js:3095:3)\n    at async model.validate (C:\\Users\\manoh\\Desktop\\Git-Projects\\Yaali Backend\\Food App\\Backend\\node_modules\\mongoose\\lib\\document.js:2672:5)\n    at async model.validateBeforeSave (C:\\Users\\manoh\\Desktop\\Git-Projects\\Yaali Backend\\Food App\\Backend\\node_modules\\mongoose\\lib\\plugins\\validateBeforeSave.js:34:7)\n    at async Kareem.execPre (C:\\Users\\manoh\\Desktop\\Git-Projects\\Yaali Backend\\Food App\\Backend\\node_modules\\kareem\\index.js:65:24)\n    at async model.$__save (C:\\Users\\manoh\\Desktop\\Git-Projects\\Yaali Backend\\Food App\\Backend\\node_modules\\mongoose\\lib\\model.js:369:5)\n    at async model.save (C:\\Users\\manoh\\Desktop\\Git-Projects\\Yaali Backend\\Food App\\Backend\\node_modules\\mongoose\\lib\\model.js:609:5)","userId":"6954ef186492aa2bdf5e9957","email":"john.doe@example.com","currentServer":"server1"}
2026-01-01 13:30:01 [ERROR] Order creation failed {"error":"next is not a function","userId":"6954ef186492aa2bdf5e9957","server":"server1"}
2026-01-01 13:30:01 [ERROR] Order creation failed {"error":"next is not a function","stack":"TypeError: next is not a function\n    at model.<anonymous> (file:///C:/Users/manoh/Desktop/Git-Projects/Yaali%20Backend/Food%20App/Backend/common/models/Order.js:329:3)\n    at Kareem.execPre (C:\\Users\\manoh\\Desktop\\Git-Projects\\Yaali Backend\\Food App\\Backend\\node_modules\\kareem\\index.js:63:39)\n    at process.processTicksAndRejections (node:internal/process/task_queues:95:5)\n    at async model.$__save (C:\\Users\\manoh\\Desktop\\Git-Projects\\Yaali Backend\\Food App\\Backend\\node_modules\\mongoose\\lib\\model.js:369:5)\n    at async model.save (C:\\Users\\manoh\\Desktop\\Git-Projects\\Yaali Backend\\Food App\\Backend\\node_modules\\mongoose\\lib\\model.js:609:5)\n    at async C:\\Users\\manoh\\Desktop\\Git-Projects\\Yaali Backend\\Food App\\Backend\\node_modules\\mongoose\\lib\\model.js:2714:9\n    at async Promise.all (index 0)\n    at async Function.create (C:\\Users\\manoh\\Desktop\\Git-Projects\\Yaali Backend\\Food App\\Backend\\node_modules\\mongoose\\lib\\model.js:2699:11)\n    at async createOrder (file:///C:/Users/manoh/Desktop/Git-Projects/Yaali%20Backend/Food%20App/Backend/common/controllers/orderController.js:179:19)","userId":"6954ef186492aa2bdf5e9957","email":"john.doe@example.com","currentServer":"server1"}
2026-01-01 13:38:49 [ERROR] Order creation failed {"error":"next is not a function","userId":"6954ef186492aa2bdf5e9957","server":"server1"}
2026-01-01 13:38:50 [ERROR] Order creation failed {"error":"next is not a function","stack":"TypeError: next is not a function\n    at model.<anonymous> (file:///C:/Users/manoh/Desktop/Git-Projects/Yaali%20Backend/Food%20App/Backend/common/models/Order.js:329:3)\n    at Kareem.execPre (C:\\Users\\manoh\\Desktop\\Git-Projects\\Yaali Backend\\Food App\\Backend\\node_modules\\kareem\\index.js:63:39)\n    at process.processTicksAndRejections (node:internal/process/task_queues:95:5)\n    at async model.$__save (C:\\Users\\manoh\\Desktop\\Git-Projects\\Yaali Backend\\Food App\\Backend\\node_modules\\mongoose\\lib\\model.js:369:5)\n    at async model.save (C:\\Users\\manoh\\Desktop\\Git-Projects\\Yaali Backend\\Food App\\Backend\\node_modules\\mongoose\\lib\\model.js:609:5)\n    at async C:\\Users\\manoh\\Desktop\\Git-Projects\\Yaali Backend\\Food App\\Backend\\node_modules\\mongoose\\lib\\model.js:2714:9\n    at async Promise.all (index 0)\n    at async Function.create (C:\\Users\\manoh\\Desktop\\Git-Projects\\Yaali Backend\\Food App\\Backend\\node_modules\\mongoose\\lib\\model.js:2699:11)\n    at async createOrder (file:///C:/Users/manoh/Desktop/Git-Projects/Yaali%20Backend/Food%20App/Backend/common/controllers/orderController.js:179:19)","userId":"6954ef186492aa2bdf5e9957","email":"john.doe@example.com","currentServer":"server1"}
2026-01-01 13:45:36 [ERROR] Order creation failed {"error":"next is not a function","userId":"6954ef186492aa2bdf5e9957","server":"server1"}
2026-01-01 13:45:36 [ERROR] Order creation failed {"error":"next is not a function","stack":"TypeError: next is not a function\n    at model.<anonymous> (file:///C:/Users/manoh/Desktop/Git-Projects/Yaali%20Backend/Food%20App/Backend/common/models/Order.js:329:3)\n    at Kareem.execPre (C:\\Users\\manoh\\Desktop\\Git-Projects\\Yaali Backend\\Food App\\Backend\\node_modules\\kareem\\index.js:63:39)\n    at process.processTicksAndRejections (node:internal/process/task_queues:95:5)\n    at async model.$__save (C:\\Users\\manoh\\Desktop\\Git-Projects\\Yaali Backend\\Food App\\Backend\\node_modules\\mongoose\\lib\\model.js:369:5)\n    at async model.save (C:\\Users\\manoh\\Desktop\\Git-Projects\\Yaali Backend\\Food App\\Backend\\node_modules\\mongoose\\lib\\model.js:609:5)\n    at async C:\\Users\\manoh\\Desktop\\Git-Projects\\Yaali Backend\\Food App\\Backend\\node_modules\\mongoose\\lib\\model.js:2714:9\n    at async Promise.all (index 0)\n    at async Function.create (C:\\Users\\manoh\\Desktop\\Git-Projects\\Yaali Backend\\Food App\\Backend\\node_modules\\mongoose\\lib\\model.js:2699:11)\n    at async createOrder (file:///C:/Users/manoh/Desktop/Git-Projects/Yaali%20Backend/Food%20App/Backend/common/controllers/orderController.js:179:19)","userId":"6954ef186492aa2bdf5e9957","email":"john.doe@example.com","currentServer":"server1"}
2026-01-01 13:45:44 [ERROR] Order creation failed {"error":"next is not a function","userId":"6954ef186492aa2bdf5e9957","server":"server1"}
2026-01-01 13:45:44 [ERROR] Order creation failed {"error":"next is not a function","stack":"TypeError: next is not a function\n    at model.<anonymous> (file:///C:/Users/manoh/Desktop/Git-Projects/Yaali%20Backend/Food%20App/Backend/common/models/Order.js:329:3)\n    at Kareem.execPre (C:\\Users\\manoh\\Desktop\\Git-Projects\\Yaali Backend\\Food App\\Backend\\node_modules\\kareem\\index.js:63:39)\n    at process.processTicksAndRejections (node:internal/process/task_queues:95:5)\n    at async model.$__save (C:\\Users\\manoh\\Desktop\\Git-Projects\\Yaali Backend\\Food App\\Backend\\node_modules\\mongoose\\lib\\model.js:369:5)\n    at async model.save (C:\\Users\\manoh\\Desktop\\Git-Projects\\Yaali Backend\\Food App\\Backend\\node_modules\\mongoose\\lib\\model.js:609:5)\n    at async C:\\Users\\manoh\\Desktop\\Git-Projects\\Yaali Backend\\Food App\\Backend\\node_modules\\mongoose\\lib\\model.js:2714:9\n    at async Promise.all (index 0)\n    at async Function.create (C:\\Users\\manoh\\Desktop\\Git-Projects\\Yaali Backend\\Food App\\Backend\\node_modules\\mongoose\\lib\\model.js:2699:11)\n    at async createOrder (file:///C:/Users/manoh/Desktop/Git-Projects/Yaali%20Backend/Food%20App/Backend/common/controllers/orderController.js:179:19)","userId":"6954ef186492aa2bdf5e9957","email":"john.doe@example.com","currentServer":"server1"}
2026-01-01 14:02:34 [ERROR] Order creation failed {"error":"next is not a function","userId":"6954ef186492aa2bdf5e9957","server":"server1"}
2026-01-01 14:02:34 [ERROR] Order creation failed {"error":"next is not a function","stack":"TypeError: next is not a function\n    at model.<anonymous> (file:///C:/Users/manoh/Desktop/Git-Projects/Yaali%20Backend/Food%20App/Backend/common/models/Order.js:165:3)\n    at Kareem.execPre (C:\\Users\\manoh\\Desktop\\Git-Projects\\Yaali Backend\\Food App\\Backend\\node_modules\\kareem\\index.js:63:39)\n    at process.processTicksAndRejections (node:internal/process/task_queues:95:5)\n    at async model.$__save (C:\\Users\\manoh\\Desktop\\Git-Projects\\Yaali Backend\\Food App\\Backend\\node_modules\\mongoose\\lib\\model.js:369:5)\n    at async model.save (C:\\Users\\manoh\\Desktop\\Git-Projects\\Yaali Backend\\Food App\\Backend\\node_modules\\mongoose\\lib\\model.js:609:5)\n    at async createOrder (file:///C:/Users/manoh/Desktop/Git-Projects/Yaali%20Backend/Food%20App/Backend/common/controllers/orderController.js:147:5)","userId":"6954ef186492aa2bdf5e9957","email":"john.doe@example.com","currentServer":"server1"}
2026-01-01 15:51:31 [ERROR] Order Order sync failed {"error":"Cannot read properties of null (reading 'syncId')","operation":"Order sync","server":"server2"}
